This is pdfTeX, Version 3.141592653-2.6-1.40.27 (TeX Live 2025/Homebrew) (preloaded format=pdflatex 2025.3.15)  7 APR 2025 12:57
entering extended mode
 restricted \write18 enabled.
 %&-line parsing enabled.
**main
(./main.tex
LaTeX2e <2024-11-01> patch level 2
L3 programming layer <2025-01-18>

(/opt/homebrew/Cellar/texlive/20250308_1/share/texmf-dist/tex/latex/base/articl
e.cls
Document Class: article 2024/06/29 v1.4n Standard LaTeX document class

(/opt/homebrew/Cellar/texlive/20250308_1/share/texmf-dist/tex/latex/base/size11
.clo
File: size11.clo 2024/06/29 v1.4n Standard LaTeX file (size option)
)
\c@part=\count196
\c@section=\count197
\c@subsection=\count198
\c@subsubsection=\count199
\c@paragraph=\count266
\c@subparagraph=\count267
\c@figure=\count268
\c@table=\count269
\abovecaptionskip=\skip49
\belowcaptionskip=\skip50
\bibindent=\dimen141
)
(/opt/homebrew/Cellar/texlive/20250308_1/share/texmf-dist/tex/latex/amsmath/ams
math.sty
Package: amsmath 2024/11/05 v2.17t AMS math features
\@mathmargin=\skip51

For additional information on amsmath, use the `?' option.

(/opt/homebrew/Cellar/texlive/20250308_1/share/texmf-dist/tex/latex/amsmath/ams
text.sty
Package: amstext 2021/08/26 v2.01 AMS text

(/opt/homebrew/Cellar/texlive/20250308_1/share/texmf-dist/tex/latex/amsmath/ams
gen.sty
File: amsgen.sty 1999/11/30 v2.0 generic functions
\@emptytoks=\toks17
\ex@=\dimen142
))
(/opt/homebrew/Cellar/texlive/20250308_1/share/texmf-dist/tex/latex/amsmath/ams
bsy.sty
Package: amsbsy 1999/11/29 v1.2d Bold Symbols
\pmbraise@=\dimen143
)
(/opt/homebrew/Cellar/texlive/20250308_1/share/texmf-dist/tex/latex/amsmath/ams
opn.sty
Package: amsopn 2022/04/08 v2.04 operator names
)
\inf@bad=\count270
LaTeX Info: Redefining \frac on input line 233.
\uproot@=\count271
\leftroot@=\count272
LaTeX Info: Redefining \overline on input line 398.
LaTeX Info: Redefining \colon on input line 409.
\classnum@=\count273
\DOTSCASE@=\count274
LaTeX Info: Redefining \ldots on input line 495.
LaTeX Info: Redefining \dots on input line 498.
LaTeX Info: Redefining \cdots on input line 619.
\Mathstrutbox@=\box52
\strutbox@=\box53
LaTeX Info: Redefining \big on input line 721.
LaTeX Info: Redefining \Big on input line 722.
LaTeX Info: Redefining \bigg on input line 723.
LaTeX Info: Redefining \Bigg on input line 724.
\big@size=\dimen144
LaTeX Font Info:    Redeclaring font encoding OML on input line 742.
LaTeX Font Info:    Redeclaring font encoding OMS on input line 743.
\macc@depth=\count275
LaTeX Info: Redefining \bmod on input line 904.
LaTeX Info: Redefining \pmod on input line 909.
LaTeX Info: Redefining \smash on input line 939.
LaTeX Info: Redefining \relbar on input line 969.
LaTeX Info: Redefining \Relbar on input line 970.
\c@MaxMatrixCols=\count276
\dotsspace@=\muskip17
\c@parentequation=\count277
\dspbrk@lvl=\count278
\tag@help=\toks18
\row@=\count279
\column@=\count280
\maxfields@=\count281
\andhelp@=\toks19
\eqnshift@=\dimen145
\alignsep@=\dimen146
\tagshift@=\dimen147
\tagwidth@=\dimen148
\totwidth@=\dimen149
\lineht@=\dimen150
\@envbody=\toks20
\multlinegap=\skip52
\multlinetaggap=\skip53
\mathdisplay@stack=\toks21
LaTeX Info: Redefining \[ on input line 2953.
LaTeX Info: Redefining \] on input line 2954.
)
(/opt/homebrew/Cellar/texlive/20250308_1/share/texmf-dist/tex/latex/amsfonts/am
ssymb.sty
Package: amssymb 2013/01/14 v3.01 AMS font symbols

(/opt/homebrew/Cellar/texlive/20250308_1/share/texmf-dist/tex/latex/amsfonts/am
sfonts.sty
Package: amsfonts 2013/01/14 v3.01 Basic AMSFonts support
\symAMSa=\mathgroup4
\symAMSb=\mathgroup5
LaTeX Font Info:    Redeclaring math symbol \hbar on input line 98.
LaTeX Font Info:    Overwriting math alphabet `\mathfrak' in version `bold'
(Font)                  U/euf/m/n --> U/euf/b/n on input line 106.
))
(/opt/homebrew/Cellar/texlive/20250308_1/share/texmf-dist/tex/latex/graphics/gr
aphicx.sty
Package: graphicx 2021/09/16 v1.2d Enhanced LaTeX Graphics (DPC,SPQR)

(/opt/homebrew/Cellar/texlive/20250308_1/share/texmf-dist/tex/latex/graphics/ke
yval.sty
Package: keyval 2022/05/29 v1.15 key=value parser (DPC)
\KV@toks@=\toks22
)
(/opt/homebrew/Cellar/texlive/20250308_1/share/texmf-dist/tex/latex/graphics/gr
aphics.sty
Package: graphics 2024/08/06 v1.4g Standard LaTeX Graphics (DPC,SPQR)

(/opt/homebrew/Cellar/texlive/20250308_1/share/texmf-dist/tex/latex/graphics/tr
ig.sty
Package: trig 2023/12/02 v1.11 sin cos tan (DPC)
)
(/opt/homebrew/Cellar/texlive/20250308_1/share/texmf-dist/tex/latex/graphics-cf
g/graphics.cfg
File: graphics.cfg 2016/06/04 v1.11 sample graphics configuration
)
Package graphics Info: Driver file: pdftex.def on input line 106.

(/opt/homebrew/Cellar/texlive/20250308_1/share/texmf-dist/tex/latex/graphics-de
f/pdftex.def
File: pdftex.def 2024/04/13 v1.2c Graphics/color driver for pdftex
))
\Gin@req@height=\dimen151
\Gin@req@width=\dimen152
)
(/opt/homebrew/Cellar/texlive/20250308_1/share/texmf-dist/tex/latex/hyperref/hy
perref.sty
Package: hyperref 2024-11-05 v7.01l Hypertext links for LaTeX

(/opt/homebrew/Cellar/texlive/20250308_1/share/texmf-dist/tex/generic/iftex/ift
ex.sty
Package: iftex 2024/12/12 v1.0g TeX engine tests
)
(/opt/homebrew/Cellar/texlive/20250308_1/share/texmf-dist/tex/latex/kvsetkeys/k
vsetkeys.sty
Package: kvsetkeys 2022-10-05 v1.19 Key value parser (HO)
)
(/opt/homebrew/Cellar/texlive/20250308_1/share/texmf-dist/tex/generic/kvdefinek
eys/kvdefinekeys.sty
Package: kvdefinekeys 2019-12-19 v1.6 Define keys (HO)
)
(/opt/homebrew/Cellar/texlive/20250308_1/share/texmf-dist/tex/generic/pdfescape
/pdfescape.sty
Package: pdfescape 2019/12/09 v1.15 Implements pdfTeX's escape features (HO)

(/opt/homebrew/Cellar/texlive/20250308_1/share/texmf-dist/tex/generic/ltxcmds/l
txcmds.sty
Package: ltxcmds 2023-12-04 v1.26 LaTeX kernel commands for general use (HO)
)
(/opt/homebrew/Cellar/texlive/20250308_1/share/texmf-dist/tex/generic/pdftexcmd
s/pdftexcmds.sty
Package: pdftexcmds 2020-06-27 v0.33 Utility functions of pdfTeX for LuaTeX (HO
)

(/opt/homebrew/Cellar/texlive/20250308_1/share/texmf-dist/tex/generic/infwarerr
/infwarerr.sty
Package: infwarerr 2019/12/03 v1.5 Providing info/warning/error messages (HO)
)
Package pdftexcmds Info: \pdf@primitive is available.
Package pdftexcmds Info: \pdf@ifprimitive is available.
Package pdftexcmds Info: \pdfdraftmode found.
))
(/opt/homebrew/Cellar/texlive/20250308_1/share/texmf-dist/tex/latex/hycolor/hyc
olor.sty
Package: hycolor 2020-01-27 v1.10 Color options for hyperref/bookmark (HO)
)
(/opt/homebrew/Cellar/texlive/20250308_1/share/texmf-dist/tex/latex/hyperref/na
meref.sty
Package: nameref 2023-11-26 v2.56 Cross-referencing by name of section

(/opt/homebrew/Cellar/texlive/20250308_1/share/texmf-dist/tex/latex/refcount/re
fcount.sty
Package: refcount 2019/12/15 v3.6 Data extraction from label references (HO)
)
(/opt/homebrew/Cellar/texlive/20250308_1/share/texmf-dist/tex/generic/gettitles
tring/gettitlestring.sty
Package: gettitlestring 2019/12/15 v1.6 Cleanup title references (HO)

(/opt/homebrew/Cellar/texlive/20250308_1/share/texmf-dist/tex/latex/kvoptions/k
voptions.sty
Package: kvoptions 2022-06-15 v3.15 Key value format for package options (HO)
))
\c@section@level=\count282
)
(/opt/homebrew/Cellar/texlive/20250308_1/share/texmf-dist/tex/latex/etoolbox/et
oolbox.sty
Package: etoolbox 2025/02/11 v2.5l e-TeX tools for LaTeX (JAW)
\etb@tempcnta=\count283
)
(/opt/homebrew/Cellar/texlive/20250308_1/share/texmf-dist/tex/generic/stringenc
/stringenc.sty
Package: stringenc 2019/11/29 v1.12 Convert strings between diff. encodings (HO
)
)
\@linkdim=\dimen153
\Hy@linkcounter=\count284
\Hy@pagecounter=\count285

(/opt/homebrew/Cellar/texlive/20250308_1/share/texmf-dist/tex/latex/hyperref/pd
1enc.def
File: pd1enc.def 2024-11-05 v7.01l Hyperref: PDFDocEncoding definition (HO)
Now handling font encoding PD1 ...
... no UTF-8 mapping file for font encoding PD1
)
(/opt/homebrew/Cellar/texlive/20250308_1/share/texmf-dist/tex/generic/intcalc/i
ntcalc.sty
Package: intcalc 2019/12/15 v1.3 Expandable calculations with integers (HO)
)
\Hy@SavedSpaceFactor=\count286

(/opt/homebrew/Cellar/texlive/20250308_1/share/texmf-dist/tex/latex/hyperref/pu
enc.def
File: puenc.def 2024-11-05 v7.01l Hyperref: PDF Unicode definition (HO)
Now handling font encoding PU ...
... no UTF-8 mapping file for font encoding PU
)
Package hyperref Info: Hyper figures OFF on input line 4157.
Package hyperref Info: Link nesting OFF on input line 4162.
Package hyperref Info: Hyper index ON on input line 4165.
Package hyperref Info: Plain pages OFF on input line 4172.
Package hyperref Info: Backreferencing OFF on input line 4177.
Package hyperref Info: Implicit mode ON; LaTeX internals redefined.
Package hyperref Info: Bookmarks ON on input line 4424.
\c@Hy@tempcnt=\count287

(/opt/homebrew/Cellar/texlive/20250308_1/share/texmf-dist/tex/latex/url/url.sty
\Urlmuskip=\muskip18
Package: url 2013/09/16  ver 3.4  Verb mode for urls, etc.
)
LaTeX Info: Redefining \url on input line 4763.
\XeTeXLinkMargin=\dimen154

(/opt/homebrew/Cellar/texlive/20250308_1/share/texmf-dist/tex/generic/bitset/bi
tset.sty
Package: bitset 2019/12/09 v1.3 Handle bit-vector datatype (HO)

(/opt/homebrew/Cellar/texlive/20250308_1/share/texmf-dist/tex/generic/bigintcal
c/bigintcalc.sty
Package: bigintcalc 2019/12/15 v1.5 Expandable calculations on big integers (HO
)
))
\Fld@menulength=\count288
\Field@Width=\dimen155
\Fld@charsize=\dimen156
Package hyperref Info: Hyper figures OFF on input line 6042.
Package hyperref Info: Link nesting OFF on input line 6047.
Package hyperref Info: Hyper index ON on input line 6050.
Package hyperref Info: backreferencing OFF on input line 6057.
Package hyperref Info: Link coloring OFF on input line 6062.
Package hyperref Info: Link coloring with OCG OFF on input line 6067.
Package hyperref Info: PDF/A mode OFF on input line 6072.

(/opt/homebrew/Cellar/texlive/20250308_1/share/texmf-dist/tex/latex/base/atbegs
hi-ltx.sty
Package: atbegshi-ltx 2021/01/10 v1.0c Emulation of the original atbegshi
package with kernel methods
)
\Hy@abspage=\count289
\c@Item=\count290
\c@Hfootnote=\count291
)
Package hyperref Info: Driver (autodetected): hpdftex.

(/opt/homebrew/Cellar/texlive/20250308_1/share/texmf-dist/tex/latex/hyperref/hp
dftex.def
File: hpdftex.def 2024-11-05 v7.01l Hyperref driver for pdfTeX

(/opt/homebrew/Cellar/texlive/20250308_1/share/texmf-dist/tex/latex/base/atvery
end-ltx.sty
Package: atveryend-ltx 2020/08/19 v1.0a Emulation of the original atveryend pac
kage
with kernel methods
)
\Fld@listcount=\count292
\c@bookmark@seq@number=\count293

(/opt/homebrew/Cellar/texlive/20250308_1/share/texmf-dist/tex/latex/rerunfilech
eck/rerunfilecheck.sty
Package: rerunfilecheck 2022-07-10 v1.10 Rerun checks for auxiliary files (HO)

(/opt/homebrew/Cellar/texlive/20250308_1/share/texmf-dist/tex/generic/uniquecou
nter/uniquecounter.sty
Package: uniquecounter 2019/12/15 v1.4 Provide unlimited unique counter (HO)
)
Package uniquecounter Info: New unique counter `rerunfilecheck' on input line 2
85.
)
\Hy@SectionHShift=\skip54
)
(/opt/homebrew/Cellar/texlive/20250308_1/share/texmf-dist/tex/latex/booktabs/bo
oktabs.sty
Package: booktabs 2020/01/12 v1.61803398 Publication quality tables
\heavyrulewidth=\dimen157
\lightrulewidth=\dimen158
\cmidrulewidth=\dimen159
\belowrulesep=\dimen160
\belowbottomsep=\dimen161
\aboverulesep=\dimen162
\abovetopsep=\dimen163
\cmidrulesep=\dimen164
\cmidrulekern=\dimen165
\defaultaddspace=\dimen166
\@cmidla=\count294
\@cmidlb=\count295
\@aboverulesep=\dimen167
\@belowrulesep=\dimen168
\@thisruleclass=\count296
\@lastruleclass=\count297
\@thisrulewidth=\dimen169
)
(/opt/homebrew/Cellar/texlive/20250308_1/share/texmf-dist/tex/latex/geometry/ge
ometry.sty
Package: geometry 2020/01/02 v5.9 Page Geometry

(/opt/homebrew/Cellar/texlive/20250308_1/share/texmf-dist/tex/generic/iftex/ifv
tex.sty
Package: ifvtex 2019/10/25 v1.7 ifvtex legacy package. Use iftex instead.
)
\Gm@cnth=\count298
\Gm@cntv=\count299
\c@Gm@tempcnt=\count300
\Gm@bindingoffset=\dimen170
\Gm@wd@mp=\dimen171
\Gm@odd@mp=\dimen172
\Gm@even@mp=\dimen173
\Gm@layoutwidth=\dimen174
\Gm@layoutheight=\dimen175
\Gm@layouthoffset=\dimen176
\Gm@layoutvoffset=\dimen177
\Gm@dimlist=\toks23
)
(/opt/homebrew/Cellar/texlive/20250308_1/share/texmf-dist/tex/latex/natbib/natb
ib.sty
Package: natbib 2010/09/13 8.31b (PWD, AO)
\bibhang=\skip55
\bibsep=\skip56
LaTeX Info: Redefining \cite on input line 694.
\c@NAT@ctr=\count301
)
(/opt/homebrew/Cellar/texlive/20250308_1/share/texmf-dist/tex/latex/setspace/se
tspace.sty
Package: setspace 2022/12/04 v6.7b set line spacing
)
(/opt/homebrew/Cellar/texlive/20250308_1/share/texmf-dist/tex/latex/float/float
.sty
Package: float 2001/11/08 v1.3d Float enhancements (AL)
\c@float@type=\count302
\float@exts=\toks24
\float@box=\box54
\@float@everytoks=\toks25
\@floatcapt=\box55
)
(/opt/homebrew/Cellar/texlive/20250308_1/share/texmf-dist/tex/latex/microtype/m
icrotype.sty
Package: microtype 2025/02/11 v3.2a Micro-typographical refinements (RS)
\MT@toks=\toks26
\MT@tempbox=\box56
\MT@count=\count303
LaTeX Info: Redefining \noprotrusionifhmode on input line 1087.
LaTeX Info: Redefining \leftprotrusion on input line 1088.
\MT@prot@toks=\toks27
LaTeX Info: Redefining \rightprotrusion on input line 1107.
LaTeX Info: Redefining \textls on input line 1449.
\MT@outer@kern=\dimen178
LaTeX Info: Redefining \microtypecontext on input line 2053.
LaTeX Info: Redefining \textmicrotypecontext on input line 2070.
\MT@listname@count=\count304

(/opt/homebrew/Cellar/texlive/20250308_1/share/texmf-dist/tex/latex/microtype/m
icrotype-pdftex.def
File: microtype-pdftex.def 2025/02/11 v3.2a Definitions specific to pdftex (RS)

LaTeX Info: Redefining \lsstyle on input line 944.
LaTeX Info: Redefining \lslig on input line 944.
\MT@outer@space=\skip57
)
Package microtype Info: Loading configuration file microtype.cfg.

(/opt/homebrew/Cellar/texlive/20250308_1/share/texmf-dist/tex/latex/microtype/m
icrotype.cfg
File: microtype.cfg 2025/02/11 v3.2a microtype main configuration file (RS)
)
LaTeX Info: Redefining \microtypesetup on input line 3065.
)
(/opt/homebrew/Cellar/texlive/20250308_1/share/texmf-dist/tex/latex/l3backend/l
3backend-pdftex.def
File: l3backend-pdftex.def 2024-05-08 L3 backend support: PDF output (pdfTeX)
\l__color_backend_stack_int=\count305
\l__pdf_internal_box=\box57
)
No file main.aux.
\openout1 = `main.aux'.

LaTeX Font Info:    Checking defaults for OML/cmm/m/it on input line 16.
LaTeX Font Info:    ... okay on input line 16.
LaTeX Font Info:    Checking defaults for OMS/cmsy/m/n on input line 16.
LaTeX Font Info:    ... okay on input line 16.
LaTeX Font Info:    Checking defaults for OT1/cmr/m/n on input line 16.
LaTeX Font Info:    ... okay on input line 16.
LaTeX Font Info:    Checking defaults for T1/cmr/m/n on input line 16.
LaTeX Font Info:    ... okay on input line 16.
LaTeX Font Info:    Checking defaults for TS1/cmr/m/n on input line 16.
LaTeX Font Info:    ... okay on input line 16.
LaTeX Font Info:    Checking defaults for OMX/cmex/m/n on input line 16.
LaTeX Font Info:    ... okay on input line 16.
LaTeX Font Info:    Checking defaults for U/cmr/m/n on input line 16.
LaTeX Font Info:    ... okay on input line 16.
LaTeX Font Info:    Checking defaults for PD1/pdf/m/n on input line 16.
LaTeX Font Info:    ... okay on input line 16.
LaTeX Font Info:    Checking defaults for PU/pdf/m/n on input line 16.
LaTeX Font Info:    ... okay on input line 16.

(/opt/homebrew/Cellar/texlive/20250308_1/share/texmf-dist/tex/context/base/mkii
/supp-pdf.mkii
[Loading MPS to PDF converter (version 2006.09.02).]
\scratchcounter=\count306
\scratchdimen=\dimen179
\scratchbox=\box58
\nofMPsegments=\count307
\nofMParguments=\count308
\everyMPshowfont=\toks28
\MPscratchCnt=\count309
\MPscratchDim=\dimen180
\MPnumerator=\count310
\makeMPintoPDFobject=\count311
\everyMPtoPDFconversion=\toks29
)
(/opt/homebrew/Cellar/texlive/20250308_1/share/texmf-dist/tex/latex/epstopdf-pk
g/epstopdf-base.sty
Package: epstopdf-base 2020-01-24 v2.11 Base part for package epstopdf
Package epstopdf-base Info: Redefining graphics rule for `.eps' on input line 4
85.

(/opt/homebrew/Cellar/texlive/20250308_1/share/texmf-dist/tex/latex/latexconfig
/epstopdf-sys.cfg
File: epstopdf-sys.cfg 2010/07/13 v1.3 Configuration of (r)epstopdf for TeX Liv
e
))
Package hyperref Info: Link coloring OFF on input line 16.
\@outlinefile=\write3
\openout3 = `main.out'.


*geometry* driver: auto-detecting
*geometry* detected driver: pdftex
*geometry* verbose mode - [ preamble ] result:
* driver: pdftex
* paper: letterpaper
* layout: <same size as paper>
* layoutoffset:(h,v)=(0.0pt,0.0pt)
* modes: 
* h-part:(L,W,R)=(72.26999pt, 469.75502pt, 72.26999pt)
* v-part:(T,H,B)=(72.26999pt, 650.43001pt, 72.26999pt)
* \paperwidth=614.295pt
* \paperheight=794.96999pt
* \textwidth=469.75502pt
* \textheight=650.43001pt
* \oddsidemargin=0.0pt
* \evensidemargin=0.0pt
* \topmargin=-37.0pt
* \headheight=12.0pt
* \headsep=25.0pt
* \topskip=11.0pt
* \footskip=30.0pt
* \marginparwidth=59.0pt
* \marginparsep=10.0pt
* \columnsep=10.0pt
* \skip\footins=10.0pt plus 4.0pt minus 2.0pt
* \hoffset=0.0pt
* \voffset=0.0pt
* \mag=1000
* \@twocolumnfalse
* \@twosidefalse
* \@mparswitchfalse
* \@reversemarginfalse
* (1in=72.27pt=25.4mm, 1cm=28.453pt)

LaTeX Info: Redefining \microtypecontext on input line 16.
Package microtype Info: Applying patch `item' on input line 16.
Package microtype Info: Applying patch `toc' on input line 16.
Package microtype Info: Applying patch `eqnum' on input line 16.

Package microtype Warning: Unable to apply patch `footnote' on input line 16.

Package microtype Info: Applying patch `verbatim' on input line 16.
LaTeX Info: Redefining \microtypesetup on input line 16.
Package microtype Info: Generating PDF output.
Package microtype Info: Character protrusion enabled (level 2).
Package microtype Info: Using default protrusion set `alltext'.
Package microtype Info: Automatic font expansion enabled (level 2),
(microtype)             stretch: 20, shrink: 20, step: 1, non-selected.
Package microtype Info: Using default expansion set `alltext-nott'.
LaTeX Info: Redefining \showhyphens on input line 16.
Package microtype Info: No adjustment of tracking.
Package microtype Info: No adjustment of interword spacing.
Package microtype Info: No adjustment of character kerning.

(/opt/homebrew/Cellar/texlive/20250308_1/share/texmf-dist/tex/latex/microtype/m
t-cmr.cfg
File: mt-cmr.cfg 2013/05/19 v2.2 microtype config. file: Computer Modern Roman 
(RS)
)
LaTeX Font Info:    Trying to load font information for U+msa on input line 19.


(/opt/homebrew/Cellar/texlive/20250308_1/share/texmf-dist/tex/latex/amsfonts/um
sa.fd
File: umsa.fd 2013/01/14 v3.01 AMS symbols A
)
(/opt/homebrew/Cellar/texlive/20250308_1/share/texmf-dist/tex/latex/microtype/m
t-msa.cfg
File: mt-msa.cfg 2006/02/04 v1.1 microtype config. file: AMS symbols (a) (RS)
)
LaTeX Font Info:    Trying to load font information for U+msb on input line 19.


(/opt/homebrew/Cellar/texlive/20250308_1/share/texmf-dist/tex/latex/amsfonts/um
sb.fd
File: umsb.fd 2013/01/14 v3.01 AMS symbols B
)
(/opt/homebrew/Cellar/texlive/20250308_1/share/texmf-dist/tex/latex/microtype/m
t-msb.cfg
File: mt-msb.cfg 2005/06/01 v1.0 microtype config. file: AMS symbols (b) (RS)
)

Package natbib Warning: Citation `Colunga-Salas2020' on page 1 undefined on inp
ut line 22.


Package natbib Warning: Citation `Colunga-Salas2020' on page 1 undefined on inp
ut line 22.


Package natbib Warning: Citation `Binetruy2020' on page 1 undefined on input li
ne 28.


Package natbib Warning: Citation `Lucca2024' on page 1 undefined on input line 
28.


Package natbib Warning: Citation `Lucca2024a' on page 1 undefined on input line
 28.



[1

{/opt/homebrew/Cellar/texlive/20250308_1/share/texmf-dist/fonts/map/pdftex/updm
ap/pdftex.map}]

Package natbib Warning: Citation `Yoshinari2022' on page 2 undefined on input l
ine 31.


Package natbib Warning: Citation `Yoshinari2022a' on page 2 undefined on input 
line 31.


Package natbib Warning: Citation `Lucca2024' on page 2 undefined on input line 
31.


Package natbib Warning: Citation `Colunga-Salas2020' on page 2 undefined on inp
ut line 31.


Package natbib Warning: Citation `Yoshinari2022b' on page 2 undefined on input 
line 31.


Package natbib Warning: Citation `Yoshinari2022c' on page 2 undefined on input 
line 31.


Package natbib Warning: Citation `Lucca2024b' on page 2 undefined on input line
 34.


Package natbib Warning: Citation `Lucca2024c' on page 2 undefined on input line
 37.


Package natbib Warning: Citation `Yoshinari2022d' on page 2 undefined on input 
line 37.


Package natbib Warning: Citation `Yoshinari2022e' on page 2 undefined on input 
line 37.


Package natbib Warning: Citation `Yoshinari2022f' on page 2 undefined on input 
line 37.


Package natbib Warning: Citation `Binetruy2020a' on page 2 undefined on input l
ine 37.


Package natbib Warning: Citation `Lucca2024d' on page 2 undefined on input line
 37.



[2]

LaTeX Warning: Reference `tab:borrelia_table' on page 3 undefined on input line
 40.



[3]

! LaTeX Error: Unicode character ≈ (U+2248)
               not set up for use with LaTeX.

See the LaTeX manual or LaTeX Companion for explanation.
Type  H <return>  for immediate help.
 ...                                              
                                                  
l.50 ...passed clinical case reports/series (n ≈
                                                   10), epidemiological surv...

? 

! LaTeX Error: Unicode character ≈ (U+2248)
               not set up for use with LaTeX.

See the LaTeX manual or LaTeX Companion for explanation.
Type  H <return>  for immediate help.
 ...                                              
                                                  
l.50 ... or molecular) of human populations (n ≈
                                                   8), and entomological or ...

? 

! LaTeX Error: Unicode character ≈ (U+2248)
               not set up for use with LaTeX.

See the LaTeX manual or LaTeX Companion for explanation.
Type  H <return>  for immediate help.
 ...                                              
                                                  
l.50 ...ation with presumed human relevance (n ≈
                                                   12).
? 


[4]

LaTeX Warning: Reference `tab:borrelia_table' on page 5 undefined on input line
 56.


! LaTeX Error: Unicode character 【 (U+3010)
               not set up for use with LaTeX.

See the LaTeX manual or LaTeX Companion for explanation.
Type  H <return>  for immediate help.
 ...                                              
                                                  
l.56 ...details from sources, using the format 【
                                                  citation†lines】 to ind...

? 

! LaTeX Error: Unicode character 】 (U+3011)
               not set up for use with LaTeX.

See the LaTeX manual or LaTeX Companion for explanation.
Type  H <return>  for immediate help.
 ...                                              
                                                  
l.56 ...s, using the format 【citation†lines】
                                                   to indicate supporting ev...

? 


[5{/opt/homebrew/Cellar/texlive/20250308_1/share/texmf-dist/fonts/enc/dvips/cm-
super/cm-super-ts1.enc}]

LaTeX Warning: Reference `tab:borrelia_table' on page 6 undefined on input line
 63.


Package natbib Warning: Citation `Colunga-Salas2020a' on page 6 undefined on in
put line 65.


LaTeX Warning: Reference `tab:borrelia_table' on page 6 undefined on input line
 65.



[6]

Package natbib Warning: Citation `Colunga-Salas2020b' on page 7 undefined on in
put line 71.


Package natbib Warning: Citation `Colunga-Salas2020c' on page 7 undefined on in
put line 71.


Package natbib Warning: Citation `Colunga-Salas2020d' on page 7 undefined on in
put line 71.


Package natbib Warning: Citation `Colunga-Salas2020e' on page 7 undefined on in
put line 71.


Package natbib Warning: Citation `Ivanova2014' on page 7 undefined on input lin
e 74.


Package natbib Warning: Citation `Ivanova2014a' on page 7 undefined on input li
ne 74.


Package natbib Warning: Citation `Ivanova2014b' on page 7 undefined on input li
ne 74.


Package natbib Warning: Citation `Ivanova2014c' on page 7 undefined on input li
ne 74.


Package natbib Warning: Citation `Weck2022' on page 7 undefined on input line 7
7.


Package natbib Warning: Citation `Weck2022a' on page 7 undefined on input line 
77.


Package natbib Warning: Citation `Weck2022b' on page 7 undefined on input line 
77.


Package natbib Warning: Citation `Weck2022c' on page 7 undefined on input line 
77.


Package natbib Warning: Citation `Weck2022d' on page 7 undefined on input line 
77.


Package natbib Warning: Citation `Weck2022e' on page 7 undefined on input line 
77.



[7]

Package natbib Warning: Citation `Lucca2024e' on page 8 undefined on input line
 80.


Package natbib Warning: Citation `Lucca2024f' on page 8 undefined on input line
 80.


Package natbib Warning: Citation `Lucca2024g' on page 8 undefined on input line
 80.


Package natbib Warning: Citation `Binetruy2020b' on page 8 undefined on input l
ine 83.


Package natbib Warning: Citation `Binetruy2020c' on page 8 undefined on input l
ine 83.


Package natbib Warning: Citation `Binetruy2020d' on page 8 undefined on input l
ine 83.


Package natbib Warning: Citation `Binetruy2020e' on page 8 undefined on input l
ine 83.


Package natbib Warning: Citation `Binetruy2020f' on page 8 undefined on input l
ine 83.


Package natbib Warning: Citation `Binetruy2020g' on page 8 undefined on input l
ine 83.


Package natbib Warning: Citation `Binetruy2020h' on page 8 undefined on input l
ine 83.



[8]

Package natbib Warning: Citation `Mancilla-Agrono2022' on page 9 undefined on i
nput line 86.


Package natbib Warning: Citation `Mancilla-Agrono2022a' on page 9 undefined on 
input line 86.


Package natbib Warning: Citation `Mancilla-Agrono2022b' on page 9 undefined on 
input line 86.


Package natbib Warning: Citation `Lucca2024h' on page 9 undefined on input line
 86.


Package natbib Warning: Citation `Lucca2024i' on page 9 undefined on input line
 86.


Package natbib Warning: Citation `Colunga-Salas2022' on page 9 undefined on inp
ut line 86.


Package natbib Warning: Citation `Colunga-Salas2022a' on page 9 undefined on in
put line 86.


Package natbib Warning: Citation `Colunga-Salas2022b' on page 9 undefined on in
put line 86.



[9]

Package natbib Warning: Citation `Lucca2024j' on page 10 undefined on input lin
e 92.


Package natbib Warning: Citation `Colunga-Salas2020f' on page 10 undefined on i
nput line 92.


Package natbib Warning: Citation `Colunga-Salas2020g' on page 10 undefined on i
nput line 92.


Package natbib Warning: Citation `Colunga-Salas2020h' on page 10 undefined on i
nput line 92.


Package natbib Warning: Citation `Colunga-Salas2020i' on page 10 undefined on i
nput line 92.


Package natbib Warning: Citation `Colunga-Salas2020j' on page 10 undefined on i
nput line 92.


Package natbib Warning: Citation `Colunga-Salas2020k' on page 10 undefined on i
nput line 92.


Package natbib Warning: Citation `Lucca2024k' on page 10 undefined on input lin
e 92.



[10]

Package natbib Warning: Citation `Yoshinari2022g' on page 11 undefined on input
 line 95.


Package natbib Warning: Citation `Yoshinari2022h' on page 11 undefined on input
 line 95.


Package natbib Warning: Citation `Yoshinari2022i' on page 11 undefined on input
 line 95.


Package natbib Warning: Citation `Labruna2024' on page 11 undefined on input li
ne 95.


Package natbib Warning: Citation `Yoshinari2022j' on page 11 undefined on input
 line 95.


Package natbib Warning: Citation `Yoshinari2022k' on page 11 undefined on input
 line 95.


Package natbib Warning: Citation `Yoshinari2022l' on page 11 undefined on input
 line 95.


Package natbib Warning: Citation `Yoshinari2022m' on page 11 undefined on input
 line 95.


Package natbib Warning: Citation `Yoshinari2022n' on page 11 undefined on input
 line 95.


Package natbib Warning: Citation `Yoshinari2022o' on page 11 undefined on input
 line 95.


Package natbib Warning: Citation `Yoshinari2022p' on page 11 undefined on input
 line 97.


Package natbib Warning: Citation `Yoshinari2022q' on page 11 undefined on input
 line 97.


Package natbib Warning: Citation `Lucca2024l' on page 11 undefined on input lin
e 97.


Package natbib Warning: Citation `Lucca2024m' on page 11 undefined on input lin
e 97.


Package natbib Warning: Citation `Yoshinari2022r' on page 11 undefined on input
 line 97.


Package natbib Warning: Citation `Yoshinari2022s' on page 11 undefined on input
 line 97.


Package natbib Warning: Citation `Yoshinari2022t' on page 11 undefined on input
 line 97.


Package natbib Warning: Citation `Labruna2024a' on page 11 undefined on input l
ine 97.


Package natbib Warning: Citation `Yoshinari2022u' on page 11 undefined on input
 line 97.


Package natbib Warning: Citation `Yoshinari2022v' on page 11 undefined on input
 line 97.


Package natbib Warning: Citation `Yoshinari2022w' on page 11 undefined on input
 line 97.



[11]

Package natbib Warning: Citation `Jorge2023' on page 12 undefined on input line
 99.


Package natbib Warning: Citation `Jorge2023a' on page 12 undefined on input lin
e 99.


Package natbib Warning: Citation `Lucca2024n' on page 12 undefined on input lin
e 99.


Package natbib Warning: Citation `Lucca2024o' on page 12 undefined on input lin
e 99.


Package natbib Warning: Citation `Jorge2023b' on page 12 undefined on input lin
e 99.


Package natbib Warning: Citation `Mancilla-Agrono2022c' on page 12 undefined on
 input line 102.


Package natbib Warning: Citation `Lucca2024p' on page 12 undefined on input lin
e 102.


Package natbib Warning: Citation `Lucca2024q' on page 12 undefined on input lin
e 102.


Package natbib Warning: Citation `Lucca2024r' on page 12 undefined on input lin
e 102.


Package natbib Warning: Citation `Lucca2024s' on page 12 undefined on input lin
e 102.


Package natbib Warning: Citation `Lucca2024t' on page 12 undefined on input lin
e 102.


Package natbib Warning: Citation `Lucca2024u' on page 12 undefined on input lin
e 102.



[12]

LaTeX Warning: Reference `tab:borrelia_table' on page 13 undefined on input lin
e 104.


Package natbib Warning: Citation `Yoshinari2022x' on page 13 undefined on input
 line 104.


Package natbib Warning: Citation `Yoshinari2022y' on page 13 undefined on input
 line 104.


Package natbib Warning: Citation `Yoshinari2022z' on page 13 undefined on input
 line 104.



[13]

Package natbib Warning: Citation `Yoshinari2022aa' on page 14 undefined on inpu
t line 107.


Package natbib Warning: Citation `Colunga-Salas2020l' on page 14 undefined on i
nput line 130.


Package natbib Warning: Citation `Colunga-Salas2020m' on page 14 undefined on i
nput line 130.


Underfull \hbox (badness 2393) in paragraph at lines 130--130
[]\OT1/cmr/m/n/10.95 (+20) Classic Lyme dis-ease:
 []


Package natbib Warning: Citation `Mancilla-Agrono2022d' on page 14 undefined on
 input line 130.


Package natbib Warning: Citation `Mancilla-Agrono2022e' on page 14 undefined on
 input line 130.


Package natbib Warning: Citation `Ivanova2014d' on page 14 undefined on input l
ine 130.


Package natbib Warning: Citation `Ivanova2014e' on page 14 undefined on input l
ine 130.


Underfull \hbox (badness 10000) in paragraph at lines 130--130
[]\OT1/cmr/m/n/10.95 (+20) Not as-so-ci-ated with
 []


Underfull \hbox (badness 10000) in paragraph at lines 130--130
\OT1/cmr/m/n/10.95 (+20) hu-man dis-ease to
 []


Underfull \hbox (badness 10000) in paragraph at lines 130--130
\OT1/cmr/m/n/10.95 (+20) species en-demic to
 []


Underfull \hbox (badness 10000) in paragraph at lines 130--130
\OT1/cmr/m/n/10.95 (+20) Chile (\OT1/cmr/bx/n/10.95 (+20) ?\OT1/cmr/m/n/10.95 (
+20) ); ex-pands
 []


Underfull \hbox (badness 2197) in paragraph at lines 130--130
\OT1/cmr/m/n/10.95 (+20) Bb sl com-plex to S.
 []


Underfull \hbox (badness 10000) in paragraph at lines 130--130
\OT1/cmr/m/n/10.95 (+20) to cause Lyme-like
 []


Package natbib Warning: Citation `Weck2022f' on page 14 undefined on input line
 130.


Package natbib Warning: Citation `Weck2022g' on page 14 undefined on input line
 130.


Package natbib Warning: Citation `Weck2022h' on page 14 undefined on input line
 130.


Package natbib Warning: Citation `Lucca2024v' on page 14 undefined on input lin
e 130.


Package natbib Warning: Citation `Lucca2024w' on page 14 undefined on input lin
e 130.


Underfull \hbox (badness 2261) in paragraph at lines 130--130
[]\OT1/cmr/m/n/10.95 (+20) No hu-man cases yet.
 []


Underfull \hbox (badness 2050) in paragraph at lines 130--130
\OT1/cmr/m/n/10.95 (+20) genospecies (\OT1/cmr/bx/n/10.95 (+20) ?\OT1/cmr/m/n/1
0.95 (+20) ); in-di-
 []


Underfull \hbox (badness 10000) in paragraph at lines 130--130
\OT1/cmr/m/n/10.95 (+20) World{related Lyme
 []


Underfull \hbox (badness 1102) in paragraph at lines 130--130
\OT1/cmr/m/n/10.95 (+20) tial to in-fect hu-mans
 []


Package natbib Warning: Citation `Binetruy2020i' on page 14 undefined on input 
line 130.


Package natbib Warning: Citation `Binetruy2020j' on page 14 undefined on input 
line 130.


Package natbib Warning: Citation `Binetruy2020k' on page 14 undefined on input 
line 130.


Underfull \hbox (badness 1584) in paragraph at lines 130--130
\OT1/cmr/m/n/10.95 (+20) mans. Rep-re-sents a
 []


Package natbib Warning: Citation `Colunga-Salas2020n' on page 14 undefined on i
nput line 130.


Package natbib Warning: Citation `Colunga-Salas2020o' on page 14 undefined on i
nput line 130.


Underfull \hbox (badness 10000) in paragraph at lines 130--130
[]\OT1/cmr/m/n/10.95 (+20) Presumed im-ported
 []


Underfull \hbox (badness 2057) in paragraph at lines 130--130
\OT1/cmr/m/n/10.95 (+20) sis in re-ported cases.
 []


Package natbib Warning: Citation `Lucca2024p' on page 14 undefined on input lin
e 130.


Package natbib Warning: Citation `Labruna2024b' on page 14 undefined on input l
ine 130.


Package natbib Warning: Citation `Yoshinari2022ab' on page 14 undefined on inpu
t line 130.


Package natbib Warning: Citation `Yoshinari2022ac' on page 14 undefined on inpu
t line 130.


Package natbib Warning: Citation `Yoshinari2022ad' on page 14 undefined on inpu
t line 130.


Package natbib Warning: Citation `Yoshinari2022ae' on page 14 undefined on inpu
t line 130.


Package natbib Warning: Citation `Yoshinari2022af' on page 14 undefined on inpu
t line 130.


Underfull \hbox (badness 10000) in paragraph at lines 130--130
[]\OT1/cmr/bx/n/10.95 (+20) Relapsing/remitting
 []


Underfull \hbox (badness 10000) in paragraph at lines 130--130
\OT1/cmr/bx/n/10.95 (+20) Lyme-like ill-ness
 []


Underfull \hbox (badness 1014) in paragraph at lines 130--130
\OT1/cmr/m/n/10.95 (+20) (\OT1/cmr/bx/n/10.95 (+20) ?\OT1/cmr/m/n/10.95 (+20) )
. Ini-tial EM and
 []


Underfull \hbox (badness 10000) in paragraph at lines 130--130
\OT1/cmr/m/n/10.95 (+20) flu-like symp-toms,
 []


Underfull \hbox (badness 10000) in paragraph at lines 130--130
\OT1/cmr/m/n/10.95 (+20) neuro and car-diac
 []


Underfull \hbox (badness 10000) in paragraph at lines 130--130
\OT1/cmr/bx/n/10.95 (+20) re-lapses \OT1/cmr/m/n/10.95 (+20) and post-
 []


Underfull \hbox (badness 10000) in paragraph at lines 130--130
\OT1/cmr/m/n/10.95 (+20) treatment re-cur-rence.
 []


Underfull \hbox (badness 10000) in paragraph at lines 130--130
\OT1/cmr/m/n/10.95 (+20) Au-toim-mune man-i-fes-
 []


Underfull \hbox (badness 10000) in paragraph at lines 130--130
\OT1/cmr/m/n/10.95 (+20) no-dosum, re-ac-tive
 []


Underfull \hbox (badness 3281) in paragraph at lines 130--130
\OT1/cmr/m/n/10.95 (+20) if treated early, but
 []


Underfull \hbox (badness 10000) in paragraph at lines 130--130
\OT1/cmr/m/it/10.95 (+20) omma/Rhipicephalus
 []


Package natbib Warning: Citation `Lucca2024ag' on page 14 undefined on input li
ne 130.


Package natbib Warning: Citation `Lucca2024ah' on page 14 undefined on input li
ne 130.



[14]

[15
pdfTeX warning (ext4): destination with the same identifier (name{table.1}) has
 been already used, duplicate ignored
<argument> ...shipout:D \box_use:N \l_shipout_box 
                                                  \__shipout_drop_firstpage_...
l.136 
      ]

Package natbib Warning: Citation `Ivanova2014f' on page 16 undefined on input l
ine 138.


Package natbib Warning: Citation `Weck2022i' on page 16 undefined on input line
 138.


Package natbib Warning: Citation `Yoshinari2022ag' on page 16 undefined on inpu
t line 145.


Package natbib Warning: Citation `Yoshinari2022ah' on page 16 undefined on inpu
t line 145.



[16]

Package natbib Warning: Citation `Yoshinari2022ai' on page 17 undefined on inpu
t line 147.


Package natbib Warning: Citation `Yoshinari2022aj' on page 17 undefined on inpu
t line 147.


Package natbib Warning: Citation `Colunga-Salas2020p' on page 17 undefined on i
nput line 153.



[17]

Package natbib Warning: Citation `Yoshinari2022ak' on page 18 undefined on inpu
t line 155.


Package natbib Warning: Citation `Yoshinari2022al' on page 18 undefined on inpu
t line 155.


Package natbib Warning: Citation `Yoshinari2022am' on page 18 undefined on inpu
t line 155.


Package natbib Warning: Citation `Labruna2024c' on page 18 undefined on input l
ine 155.


Package natbib Warning: Citation `Labruna2024d' on page 18 undefined on input l
ine 155.



[18]

Package natbib Warning: Citation `Colunga-Salas2022c' on page 19 undefined on i
nput line 157.


Package natbib Warning: Citation `Jorge2023c' on page 19 undefined on input lin
e 159.


Package natbib Warning: Citation `Jorge2023d' on page 19 undefined on input lin
e 159.



[19]

Package natbib Warning: Citation `Jorge2023e' on page 20 undefined on input lin
e 171.


Package natbib Warning: Citation `Jorge2023f' on page 20 undefined on input lin
e 171.



[20]

Package natbib Warning: Citation `Yoshinari2022ag' on page 21 undefined on inpu
t line 173.


Package natbib Warning: Citation `Colunga-Salas2022d' on page 21 undefined on i
nput line 180.


Package natbib Warning: Citation `Labruna2024e' on page 21 undefined on input l
ine 180.



[21]

Package natbib Warning: Citation `Yoshinari2022ag' on page 22 undefined on inpu
t line 184.


Package natbib Warning: Citation `Yoshinari2022ah' on page 22 undefined on inpu
t line 184.


Package natbib Warning: Citation `Yoshinari2022ai' on page 22 undefined on inpu
t line 184.


Package natbib Warning: Citation `Lucca2024w' on page 22 undefined on input lin
e 186.



[22]

Package natbib Warning: Citation `Colunga-Salas2022e' on page 23 undefined on i
nput line 188.


Package natbib Warning: Citation `Colunga-Salas2022f' on page 23 undefined on i
nput line 188.



[23]

Package natbib Warning: Citation `Binetruy2020l' on page 24 undefined on input 
line 201.


Package natbib Warning: Citation `Binetruy2020m' on page 24 undefined on input 
line 201.



[24]

Package natbib Warning: Citation `Colunga-Salas2020q' on page 25 undefined on i
nput line 204.


Package natbib Warning: Citation `Yoshinari2022an' on page 25 undefined on inpu
t line 204.


Package natbib Warning: Citation `Yoshinari2022ao' on page 25 undefined on inpu
t line 204.


Package natbib Warning: Citation `Colunga-Salas2020r' on page 25 undefined on i
nput line 209.


Package natbib Warning: Citation `Lucca2024x' on page 25 undefined on input lin
e 209.


Package natbib Warning: Citation `Ivanova2014g' on page 25 undefined on input l
ine 211.


Package natbib Warning: Citation `Lucca2024y' on page 25 undefined on input lin
e 211.


Package natbib Warning: Citation `Yoshinari2022ap' on page 25 undefined on inpu
t line 213.


Package natbib Warning: Citation `Yoshinari2022aq' on page 25 undefined on inpu
t line 213.



[25]

Package natbib Warning: Citation `Yoshinari2022ar' on page 26 undefined on inpu
t line 219.


Package natbib Warning: Citation `Colunga-Salas2022g' on page 26 undefined on i
nput line 221.


Package natbib Warning: Citation `Colunga-Salas2022h' on page 26 undefined on i
nput line 221.



[26]

[27]
No file main.bbl.

Package natbib Warning: There were undefined citations.



[28] (./main.aux)
 ***********
LaTeX2e <2024-11-01> patch level 2
L3 programming layer <2025-01-18>
 ***********


LaTeX Warning: There were undefined references.


LaTeX Warning: Label(s) may have changed. Rerun to get cross-references right.


Package rerunfilecheck Warning: File `main.out' has changed.
(rerunfilecheck)                Rerun to get outlines right
(rerunfilecheck)                or use package `bookmark'.

Package rerunfilecheck Info: Checksums for `main.out':
(rerunfilecheck)             Before: <no file>
(rerunfilecheck)             After:  60751DBC8508A9B278CB20A69C75B00C;8256.
 ) 
Here is how much of TeX's memory you used:
 13007 strings out of 473190
 201908 string characters out of 5704335
 646684 words of memory out of 5000000
 35721 multiletter control sequences out of 15000+600000
 580682 words of font info for 236 fonts, out of 8000000 for 9000
 1141 hyphenation exceptions out of 8191
 75i,11n,79p,2667b,560s stack positions out of 10000i,1000n,20000p,200000b,200000s
</opt/homebrew/Cellar/texlive/20250308_1/share/texmf-dist/fonts/type1/public/
amsfonts/cm/cmbx10.pfb></opt/homebrew/Cellar/texlive/20250308_1/share/texmf-dis
t/fonts/type1/public/amsfonts/cm/cmbx12.pfb></opt/homebrew/Cellar/texlive/20250
308_1/share/texmf-dist/fonts/type1/public/amsfonts/cm/cmbxti10.pfb></opt/homebr
ew/Cellar/texlive/20250308_1/share/texmf-dist/fonts/type1/public/amsfonts/cm/cm
r10.pfb></opt/homebrew/Cellar/texlive/20250308_1/share/texmf-dist/fonts/type1/p
ublic/amsfonts/cm/cmr17.pfb></opt/homebrew/Cellar/texlive/20250308_1/share/texm
f-dist/fonts/type1/public/amsfonts/cm/cmti10.pfb></opt/homebrew/Cellar/texlive/
20250308_1/share/texmf-dist/fonts/type1/public/cm-super/sfrm1095.pfb>
Output written on main.pdf (28 pages, 197760 bytes).
PDF statistics:
 218 PDF objects out of 1000 (max. 8388607)
 172 compressed objects within 2 object streams
 70 named destinations out of 1000 (max. 500000)
 32769 words of extra memory for PDF output out of 35830 (max. 10000000)

